{
  "stats": {
    "suites": 1,
    "tests": 3,
    "passes": 3,
    "pending": 0,
    "failures": 0,
    "start": "2026-05-04T17:30:25.306Z",
    "end": "2026-05-04T17:30:26.919Z",
    "duration": 1613,
    "testsRegistered": 3,
    "passPercent": 100,
    "pendingPercent": 0,
    "other": 0,
    "hasOther": false,
    "skipped": 0,
    "hasSkipped": false
  },
  "results": [
    {
      "uuid": "47f7a9cf-df9b-4788-a3ca-44ae5aa359bf",
      "title": "",
      "fullFile": "/Users/mounikagullapalli/Documents/API-Testing/api-test/JSONPlaceholder.js",
      "file": "/api-test/JSONPlaceholder.js",
      "beforeHooks": [],
      "afterHooks": [],
      "tests": [],
      "suites": [
        {
          "uuid": "bf6852cb-5570-4a89-9225-60b066dacd0d",
          "title": "JSONPlaceholder API Tests",
          "fullFile": "/Users/mounikagullapalli/Documents/API-Testing/api-test/JSONPlaceholder.js",
          "file": "/api-test/JSONPlaceholder.js",
          "beforeHooks": [],
          "afterHooks": [],
          "tests": [
            {
              "title": "should fetch user successfully",
              "fullTitle": "JSONPlaceholder API Tests should fetch user successfully",
              "timedOut": false,
              "duration": 1465,
              "state": "passed",
              "speed": "slow",
              "pass": true,
              "fail": false,
              "pending": false,
              "context": null,
              "code": "const res = await axios.get(`${base_URL}/users/1`);\nconsole.log(res.data)\nexpect(res.status).to.equal(200);\nexpect(res.data).to.have.property('id');\nexpect(res.data).to.have.property('name');\nexpect(res.data).to.have.property('email');",
              "err": {},
              "uuid": "6b34416a-5a85-41b5-be87-9c6cefcf95cf",
              "parentUUID": "bf6852cb-5570-4a89-9225-60b066dacd0d",
              "isHook": false,
              "skipped": false
            },
            {
              "title": "should create new post",
              "fullTitle": "JSONPlaceholder API Tests should create new post",
              "timedOut": false,
              "duration": 120,
              "state": "passed",
              "speed": "slow",
              "pass": true,
              "fail": false,
              "pending": false,
              "context": null,
              "code": "const res = await axios.post(`${base_URL}/posts`, {\n    \"userId\":25,\n    \"title\": \"Testing a new post request\",\n    \"body\": \"I am trying to write a new post request and see if it is successful or not\"\n    });\nconsole.log(res.data)\nexpect(res.status).to.equal(201);",
              "err": {},
              "uuid": "be64bfe4-bd56-4f5c-9f40-6a457a2e7e88",
              "parentUUID": "bf6852cb-5570-4a89-9225-60b066dacd0d",
              "isHook": false,
              "skipped": false
            },
            {
              "title": "should handle non-existent user",
              "fullTitle": "JSONPlaceholder API Tests should handle non-existent user",
              "timedOut": false,
              "duration": 24,
              "state": "passed",
              "speed": "fast",
              "pass": true,
              "fail": false,
              "pending": false,
              "context": null,
              "code": "try{\n    await axios.get(`${base_URL}/users/999`);\n} catch (error) {\n    console.log(error.code)\n    expect(error.response.status).to.equal(404);\n    }",
              "err": {},
              "uuid": "c9ba2f71-dc63-4efe-a2dc-49b9ff96b899",
              "parentUUID": "bf6852cb-5570-4a89-9225-60b066dacd0d",
              "isHook": false,
              "skipped": false
            }
          ],
          "suites": [],
          "passes": [
            "6b34416a-5a85-41b5-be87-9c6cefcf95cf",
            "be64bfe4-bd56-4f5c-9f40-6a457a2e7e88",
            "c9ba2f71-dc63-4efe-a2dc-49b9ff96b899"
          ],
          "failures": [],
          "pending": [],
          "skipped": [],
          "duration": 1609,
          "root": false,
          "rootEmpty": false,
          "_timeout": 30000
        }
      ],
      "passes": [],
      "failures": [],
      "pending": [],
      "skipped": [],
      "duration": 0,
      "root": true,
      "rootEmpty": true,
      "_timeout": 30000
    }
  ],
  "meta": {
    "mocha": {
      "version": "11.7.5"
    },
    "mochawesome": {
      "options": {
        "quiet": false,
        "reportFilename": "mochawesome",
        "saveHtml": true,
        "saveJson": true,
        "consoleReporter": "spec",
        "useInlineDiffs": false,
        "code": true
      },
      "version": "7.1.4"
    },
    "marge": {
      "options": null,
      "version": "6.3.2"
    }
  }
}